# JRE version: OpenJDK Runtime Environment (19.0.1+10) (build 19.0.1+10-21)
# Java VM: OpenJDK 64-Bit Server VM (19.0.1+10-21, mixed mode, sharing, tiered, compressed oops, compressed class ptrs, g1 gc, windows-amd64)
GC Precious Log:
 CardTable entry size: 512
 Card Set container configuration: InlinePtr #cards 5 size 8 Array Of Cards #cards 12 size 40 Howl #buckets 4 coarsen threshold 1843 Howl Bitmap #cards 512 size 80 coarsen threshold 460 Card regions per heap region 1 cards per card region 2048
 CPUs: 8 total, 8 available
 Memory: 8033M
 Large Page Support: Disabled
 NUMA Support: Disabled
 Compressed Oops: Enabled (32-bit)
 Heap Region Size: 1M
 Heap Min Capacity: 8M
 Heap Initial Capacity: 126M
 Heap Max Capacity: 2010M
 Pre-touch: Disabled
 Parallel Workers: 8
 Concurrent Workers: 2
 Concurrent Refinement Workers: 8
 Periodic GC: Disabled
Heap:
 garbage-first heap   total 192512K, used 76081K [0x0000000082600000, 0x0000000100000000)
  region size 1024K, 30 young (30720K), 8 survivors (8192K)
 Metaspace       used 77109K, committed 77824K, reserved 1179648K
  class space    used 10210K, committed 10560K, reserved 1048576K
GC Heap History (20 events):
Event: 89.357 GC heap before
{Heap before GC invocations=34 (full 0):
 garbage-first heap   total 192512K, used 157190K [0x0000000082600000, 0x0000000100000000)
  region size 1024K, 112 young (114688K), 7 survivors (7168K)
 Metaspace       used 77093K, committed 77824K, reserved 1179648K
  class space    used 10210K, committed 10560K, reserved 1048576K
}
Event: 89.364 GC heap after
{Heap after GC invocations=35 (full 0):
 garbage-first heap   total 192512K, used 50589K [0x0000000082600000, 0x0000000100000000)
  region size 1024K, 8 young (8192K), 8 survivors (8192K)
 Metaspace       used 77093K, committed 77824K, reserved 1179648K
  class space    used 10210K, committed 10560K, reserved 1048576K
}
Event: 94.832 GC heap before
{Heap before GC invocations=35 (full 0):
 garbage-first heap   total 192512K, used 157085K [0x0000000082600000, 0x0000000100000000)
  region size 1024K, 112 young (114688K), 8 survivors (8192K)
 Metaspace       used 77096K, committed 77824K, reserved 1179648K
  class space    used 10210K, committed 10560K, reserved 1048576K
}
Event: 94.838 GC heap after
{Heap after GC invocations=36 (full 0):
 garbage-first heap   total 192512K, used 50648K [0x0000000082600000, 0x0000000100000000)
  region size 1024K, 8 young (8192K), 8 survivors (8192K)
 Metaspace       used 77096K, committed 77824K, reserved 1179648K
  class space    used 10210K, committed 10560K, reserved 1048576K
}
Event: 101.348 GC heap before
{Heap before GC invocations=36 (full 0):
 garbage-first heap   total 192512K, used 157144K [0x0000000082600000, 0x0000000100000000)
  region size 1024K, 112 young (114688K), 8 survivors (8192K)
 Metaspace       used 77096K, committed 77824K, reserved 1179648K
  class space    used 10210K, committed 10560K, reserved 1048576K
}
Event: 101.354 GC heap after
{Heap after GC invocations=37 (full 0):
 garbage-first heap   total 192512K, used 50863K [0x0000000082600000, 0x0000000100000000)
  region size 1024K, 8 young (8192K), 8 survivors (8192K)
 Metaspace       used 77096K, committed 77824K, reserved 1179648K
  class space    used 10210K, committed 10560K, reserved 1048576K
}
Event: 105.568 GC heap before
{Heap before GC invocations=37 (full 0):
 garbage-first heap   total 192512K, used 156335K [0x0000000082600000, 0x0000000100000000)
  region size 1024K, 112 young (114688K), 8 survivors (8192K)
 Metaspace       used 77096K, committed 77824K, reserved 1179648K
  class space    used 10210K, committed 10560K, reserved 1048576K
}
Event: 105.573 GC heap after
{Heap after GC invocations=38 (full 0):
 garbage-first heap   total 192512K, used 51684K [0x0000000082600000, 0x0000000100000000)
  region size 1024K, 8 young (8192K), 8 survivors (8192K)
 Metaspace       used 77096K, committed 77824K, reserved 1179648K
  class space    used 10210K, committed 10560K, reserved 1048576K
}
Event: 108.664 GC heap before
{Heap before GC invocations=38 (full 0):
 garbage-first heap   total 192512K, used 158180K [0x0000000082600000, 0x0000000100000000)
  region size 1024K, 112 young (114688K), 8 survivors (8192K)
 Metaspace       used 77101K, committed 77824K, reserved 1179648K
  class space    used 10210K, committed 10560K, reserved 1048576K
}
Event: 108.669 GC heap after
{Heap after GC invocations=39 (full 0):
 garbage-first heap   total 192512K, used 52158K [0x0000000082600000, 0x0000000100000000)
  region size 1024K, 8 young (8192K), 8 survivors (8192K)
 Metaspace       used 77101K, committed 77824K, reserved 1179648K
  class space    used 10210K, committed 10560K, reserved 1048576K
}
Event: 111.448 GC heap before
{Heap before GC invocations=39 (full 0):
 garbage-first heap   total 192512K, used 158654K [0x0000000082600000, 0x0000000100000000)
  region size 1024K, 112 young (114688K), 8 survivors (8192K)
 Metaspace       used 77105K, committed 77824K, reserved 1179648K
  class space    used 10210K, committed 10560K, reserved 1048576K
}
Event: 111.453 GC heap after
{Heap after GC invocations=40 (full 0):
 garbage-first heap   total 192512K, used 52467K [0x0000000082600000, 0x0000000100000000)
  region size 1024K, 8 young (8192K), 8 survivors (8192K)
 Metaspace       used 77105K, committed 77824K, reserved 1179648K
  class space    used 10210K, committed 10560K, reserved 1048576K
}
Event: 114.539 GC heap before
{Heap before GC invocations=40 (full 0):
 garbage-first heap   total 192512K, used 158963K [0x0000000082600000, 0x0000000100000000)
  region size 1024K, 112 young (114688K), 8 survivors (8192K)
 Metaspace       used 77105K, committed 77824K, reserved 1179648K
  class space    used 10210K, committed 10560K, reserved 1048576K
}
Event: 114.544 GC heap after
{Heap after GC invocations=41 (full 0):
 garbage-first heap   total 192512K, used 53118K [0x0000000082600000, 0x0000000100000000)
  region size 1024K, 8 young (8192K), 8 survivors (8192K)
 Metaspace       used 77105K, committed 77824K, reserved 1179648K
  class space    used 10210K, committed 10560K, reserved 1048576K
}
Event: 117.606 GC heap before
{Heap before GC invocations=41 (full 0):
 garbage-first heap   total 192512K, used 159614K [0x0000000082600000, 0x0000000100000000)
  region size 1024K, 112 young (114688K), 8 survivors (8192K)
 Metaspace       used 77105K, committed 77824K, reserved 1179648K
  class space    used 10210K, committed 10560K, reserved 1048576K
}
Event: 117.612 GC heap after
{Heap after GC invocations=42 (full 0):
 garbage-first heap   total 192512K, used 53094K [0x0000000082600000, 0x0000000100000000)
  region size 1024K, 8 young (8192K), 8 survivors (8192K)
 Metaspace       used 77105K, committed 77824K, reserved 1179648K
  class space    used 10210K, committed 10560K, reserved 1048576K
}
Event: 121.567 GC heap before
{Heap before GC invocations=42 (full 0):
 garbage-first heap   total 192512K, used 159590K [0x0000000082600000, 0x0000000100000000)
  region size 1024K, 112 young (114688K), 8 survivors (8192K)
 Metaspace       used 77106K, committed 77824K, reserved 1179648K
  class space    used 10210K, committed 10560K, reserved 1048576K
}
Event: 121.573 GC heap after
{Heap after GC invocations=43 (full 0):
 garbage-first heap   total 192512K, used 53588K [0x0000000082600000, 0x0000000100000000)
  region size 1024K, 8 young (8192K), 8 survivors (8192K)
 Metaspace       used 77106K, committed 77824K, reserved 1179648K
  class space    used 10210K, committed 10560K, reserved 1048576K
}
Event: 125.668 GC heap before
{Heap before GC invocations=43 (full 0):
 garbage-first heap   total 192512K, used 160084K [0x0000000082600000, 0x0000000100000000)
  region size 1024K, 112 young (114688K), 8 survivors (8192K)
 Metaspace       used 77107K, committed 77824K, reserved 1179648K
  class space    used 10210K, committed 10560K, reserved 1048576K
}
Event: 125.674 GC heap after
{Heap after GC invocations=44 (full 0):
 garbage-first heap   total 192512K, used 54577K [0x0000000082600000, 0x0000000100000000)
  region size 1024K, 8 young (8192K), 8 survivors (8192K)
 Metaspace       used 77107K, committed 77824K, reserved 1179648K
  class space    used 10210K, committed 10560K, reserved 1048576K
}

